DEB [20201120-15:46:28.493] thr=1   paramiko.transport: starting thread (client mode): 0x425cc88L
DEB [20201120-15:46:28.494] thr=1   paramiko.transport: Local version/idstring: SSH-2.0-paramiko_2.7.2
DEB [20201120-15:46:28.500] thr=1   paramiko.transport: Remote version/idstring: SSH-2.0-OpenSSH_7.4
INF [20201120-15:46:28.500] thr=1   paramiko.transport: Connected (version 2.0, client OpenSSH_7.4)
DEB [20201120-15:46:28.502] thr=1   paramiko.transport: kex algos:[u'curve25519-sha256', u'curve25519-sha256@libssh.org', u'ecdh-sha2-nistp256', u'ecdh-sha2-nistp384', u'ecdh-sha2-nistp521', u'diffie-hellman-group-exchange-sha256', u'diffie-hellman-group16-sha512', u'diffie-hellman-group18-sha512', u'diffie-hellman-group-exchange-sha1', u'diffie-hellman-group14-sha256', u'diffie-hellman-group14-sha1', u'diffie-hellman-group1-sha1'] server key:[u'ssh-rsa', u'rsa-sha2-512', u'rsa-sha2-256', u'ecdsa-sha2-nistp256', u'ssh-ed25519'] client encrypt:[u'chacha20-poly1305@openssh.com', u'aes128-ctr', u'aes192-ctr', u'aes256-ctr', u'aes128-gcm@openssh.com', u'aes256-gcm@openssh.com', u'aes128-cbc', u'aes192-cbc', u'aes256-cbc', u'blowfish-cbc', u'cast128-cbc', u'3des-cbc'] server encrypt:[u'chacha20-poly1305@openssh.com', u'aes128-ctr', u'aes192-ctr', u'aes256-ctr', u'aes128-gcm@openssh.com', u'aes256-gcm@openssh.com', u'aes128-cbc', u'aes192-cbc', u'aes256-cbc', u'blowfish-cbc', u'cast128-cbc', u'3des-cbc'] client mac:[u'umac-64-etm@openssh.com', u'umac-128-etm@openssh.com', u'hmac-sha2-256-etm@openssh.com', u'hmac-sha2-512-etm@openssh.com', u'hmac-sha1-etm@openssh.com', u'umac-64@openssh.com', u'umac-128@openssh.com', u'hmac-sha2-256', u'hmac-sha2-512', u'hmac-sha1'] server mac:[u'umac-64-etm@openssh.com', u'umac-128-etm@openssh.com', u'hmac-sha2-256-etm@openssh.com', u'hmac-sha2-512-etm@openssh.com', u'hmac-sha1-etm@openssh.com', u'umac-64@openssh.com', u'umac-128@openssh.com', u'hmac-sha2-256', u'hmac-sha2-512', u'hmac-sha1'] client compress:[u'none', u'zlib@openssh.com'] server compress:[u'none', u'zlib@openssh.com'] client lang:[u''] server lang:[u''] kex follows?False
DEB [20201120-15:46:28.502] thr=1   paramiko.transport: Kex agreed: curve25519-sha256@libssh.org
DEB [20201120-15:46:28.502] thr=1   paramiko.transport: HostKey agreed: ssh-ed25519
DEB [20201120-15:46:28.502] thr=1   paramiko.transport: Cipher agreed: aes128-ctr
DEB [20201120-15:46:28.502] thr=1   paramiko.transport: MAC agreed: hmac-sha2-256
DEB [20201120-15:46:28.503] thr=1   paramiko.transport: Compression agreed: none
DEB [20201120-15:46:28.517] thr=1   paramiko.transport: kex engine KexCurve25519 specified hash_algo <built-in function openssl_sha256>
DEB [20201120-15:46:28.517] thr=1   paramiko.transport: Switch to new keys ...
DEB [20201120-15:46:28.530] thr=2   paramiko.transport: Adding ssh-ed25519 host key for 192.168.56.100: 4a23813258def12cf3e3db2f27e26566
DEB [20201120-15:46:28.561] thr=1   paramiko.transport: userauth is OK
INF [20201120-15:46:28.641] thr=1   paramiko.transport: Authentication (password) successful!
DEB [20201120-15:46:28.681] thr=1   paramiko.transport: Received global request "hostkeys-00@openssh.com"
DEB [20201120-15:46:28.681] thr=1   paramiko.transport: Rejecting "hostkeys-00@openssh.com" global request from server.
DEB [20201120-15:46:31.763] thr=3   paramiko.transport: [chan 0] Max packet in: 32768 bytes
DEB [20201120-15:46:31.763] thr=1   paramiko.transport: [chan 0] Max packet out: 32768 bytes
DEB [20201120-15:46:31.763] thr=1   paramiko.transport: Secsh channel 0 opened.
DEB [20201120-15:46:31.766] thr=1   paramiko.transport: [chan 0] Sesch channel 0 request ok
DEB [20201120-15:46:31.767] thr=1   paramiko.transport: [chan 0] Sesch channel 0 request ok
DEB [20201120-15:48:47.821] thr=3   paramiko.transport: [chan 1] Max packet in: 32768 bytes
DEB [20201120-15:48:47.822] thr=1   paramiko.transport: [chan 1] Max packet out: 32768 bytes
DEB [20201120-15:48:47.822] thr=1   paramiko.transport: Secsh channel 1 opened.
DEB [20201120-15:48:47.825] thr=1   paramiko.transport: [chan 1] Sesch channel 1 request ok
DEB [20201120-15:48:47.828] thr=1   paramiko.transport: [chan 1] Sesch channel 1 request ok
DEB [20201120-15:49:01.953] thr=1   paramiko.transport: [chan 1] EOF received (1)
DEB [20201120-15:49:01.953] thr=1   paramiko.transport: [chan 1] EOF sent (1)
DEB [20201120-15:49:19.875] thr=3   paramiko.transport: [chan 2] Max packet in: 32768 bytes
DEB [20201120-15:49:19.877] thr=1   paramiko.transport: [chan 2] Max packet out: 32768 bytes
DEB [20201120-15:49:19.877] thr=1   paramiko.transport: Secsh channel 2 opened.
DEB [20201120-15:49:19.878] thr=1   paramiko.transport: [chan 2] Sesch channel 2 request ok
DEB [20201120-15:49:19.878] thr=1   paramiko.transport: [chan 2] Sesch channel 2 request ok
DEB [20201120-15:49:27.687] thr=3   paramiko.transport: [chan 2] EOF sent (2)
DEB [20201120-15:49:27.730] thr=1   paramiko.transport: [chan 2] Unhandled channel request "exit-signal"
DEB [20201120-15:49:29.220] thr=3   paramiko.transport: [chan 3] Max packet in: 32768 bytes
DEB [20201120-15:49:29.221] thr=1   paramiko.transport: [chan 3] Max packet out: 32768 bytes
DEB [20201120-15:49:29.221] thr=1   paramiko.transport: Secsh channel 3 opened.
DEB [20201120-15:49:29.223] thr=1   paramiko.transport: [chan 3] Sesch channel 3 request ok
DEB [20201120-15:49:29.223] thr=1   paramiko.transport: [chan 3] Sesch channel 3 request ok
DEB [20201120-15:49:34.216] thr=3   paramiko.transport: [chan 3] EOF sent (3)
DEB [20201120-15:49:34.256] thr=1   paramiko.transport: [chan 3] Unhandled channel request "exit-signal"
DEB [20201120-15:49:35.362] thr=3   paramiko.transport: [chan 4] Max packet in: 32768 bytes
DEB [20201120-15:49:35.365] thr=1   paramiko.transport: [chan 4] Max packet out: 32768 bytes
DEB [20201120-15:49:35.365] thr=1   paramiko.transport: Secsh channel 4 opened.
DEB [20201120-15:49:35.368] thr=1   paramiko.transport: [chan 4] Sesch channel 4 request ok
DEB [20201120-15:49:35.371] thr=1   paramiko.transport: [chan 4] Sesch channel 4 request ok
DEB [20201120-15:49:39.694] thr=3   paramiko.transport: [chan 4] EOF sent (4)
DEB [20201120-15:49:39.736] thr=1   paramiko.transport: [chan 4] Unhandled channel request "exit-signal"
DEB [20201120-15:50:43.911] thr=3   paramiko.transport: [chan 0] EOF sent (0)
DEB [20201120-15:50:43.953] thr=1   paramiko.transport: [chan 0] Unhandled channel request "exit-signal"
DEB [20201120-15:56:50.578] thr=1   paramiko.transport: EOF in transport thread
DEB [20201120-15:57:57.493] thr=1   paramiko.transport: starting thread (client mode): 0x438cbc8L
DEB [20201120-15:57:57.494] thr=1   paramiko.transport: Local version/idstring: SSH-2.0-paramiko_2.7.2
DEB [20201120-15:57:57.500] thr=1   paramiko.transport: Remote version/idstring: SSH-2.0-OpenSSH_7.4
INF [20201120-15:57:57.500] thr=1   paramiko.transport: Connected (version 2.0, client OpenSSH_7.4)
DEB [20201120-15:57:57.502] thr=1   paramiko.transport: kex algos:[u'curve25519-sha256', u'curve25519-sha256@libssh.org', u'ecdh-sha2-nistp256', u'ecdh-sha2-nistp384', u'ecdh-sha2-nistp521', u'diffie-hellman-group-exchange-sha256', u'diffie-hellman-group16-sha512', u'diffie-hellman-group18-sha512', u'diffie-hellman-group-exchange-sha1', u'diffie-hellman-group14-sha256', u'diffie-hellman-group14-sha1', u'diffie-hellman-group1-sha1'] server key:[u'ssh-rsa', u'rsa-sha2-512', u'rsa-sha2-256', u'ecdsa-sha2-nistp256', u'ssh-ed25519'] client encrypt:[u'chacha20-poly1305@openssh.com', u'aes128-ctr', u'aes192-ctr', u'aes256-ctr', u'aes128-gcm@openssh.com', u'aes256-gcm@openssh.com', u'aes128-cbc', u'aes192-cbc', u'aes256-cbc', u'blowfish-cbc', u'cast128-cbc', u'3des-cbc'] server encrypt:[u'chacha20-poly1305@openssh.com', u'aes128-ctr', u'aes192-ctr', u'aes256-ctr', u'aes128-gcm@openssh.com', u'aes256-gcm@openssh.com', u'aes128-cbc', u'aes192-cbc', u'aes256-cbc', u'blowfish-cbc', u'cast128-cbc', u'3des-cbc'] client mac:[u'umac-64-etm@openssh.com', u'umac-128-etm@openssh.com', u'hmac-sha2-256-etm@openssh.com', u'hmac-sha2-512-etm@openssh.com', u'hmac-sha1-etm@openssh.com', u'umac-64@openssh.com', u'umac-128@openssh.com', u'hmac-sha2-256', u'hmac-sha2-512', u'hmac-sha1'] server mac:[u'umac-64-etm@openssh.com', u'umac-128-etm@openssh.com', u'hmac-sha2-256-etm@openssh.com', u'hmac-sha2-512-etm@openssh.com', u'hmac-sha1-etm@openssh.com', u'umac-64@openssh.com', u'umac-128@openssh.com', u'hmac-sha2-256', u'hmac-sha2-512', u'hmac-sha1'] client compress:[u'none', u'zlib@openssh.com'] server compress:[u'none', u'zlib@openssh.com'] client lang:[u''] server lang:[u''] kex follows?False
DEB [20201120-15:57:57.502] thr=1   paramiko.transport: Kex agreed: curve25519-sha256@libssh.org
DEB [20201120-15:57:57.502] thr=1   paramiko.transport: HostKey agreed: ssh-ed25519
DEB [20201120-15:57:57.503] thr=1   paramiko.transport: Cipher agreed: aes128-ctr
DEB [20201120-15:57:57.503] thr=1   paramiko.transport: MAC agreed: hmac-sha2-256
DEB [20201120-15:57:57.503] thr=1   paramiko.transport: Compression agreed: none
DEB [20201120-15:57:57.509] thr=1   paramiko.transport: kex engine KexCurve25519 specified hash_algo <built-in function openssl_sha256>
DEB [20201120-15:57:57.509] thr=1   paramiko.transport: Switch to new keys ...
DEB [20201120-15:57:57.513] thr=2   paramiko.transport: Adding ssh-ed25519 host key for 192.168.56.100: 4a23813258def12cf3e3db2f27e26566
DEB [20201120-15:57:57.549] thr=1   paramiko.transport: userauth is OK
INF [20201120-15:57:57.586] thr=1   paramiko.transport: Authentication (password) successful!
DEB [20201120-15:57:57.628] thr=1   paramiko.transport: Received global request "hostkeys-00@openssh.com"
DEB [20201120-15:57:57.628] thr=1   paramiko.transport: Rejecting "hostkeys-00@openssh.com" global request from server.
DEB [20201120-15:57:58.240] thr=3   paramiko.transport: [chan 0] Max packet in: 32768 bytes
DEB [20201120-15:57:58.240] thr=1   paramiko.transport: [chan 0] Max packet out: 32768 bytes
DEB [20201120-15:57:58.240] thr=1   paramiko.transport: Secsh channel 0 opened.
DEB [20201120-15:57:58.243] thr=1   paramiko.transport: [chan 0] Sesch channel 0 request ok
DEB [20201120-15:57:58.244] thr=1   paramiko.transport: [chan 0] Sesch channel 0 request ok
DEB [20201120-15:59:28.490] thr=1   paramiko.transport: starting thread (client mode): 0x46a0c08L
DEB [20201120-15:59:28.490] thr=1   paramiko.transport: Local version/idstring: SSH-2.0-paramiko_2.7.2
DEB [20201120-15:59:28.496] thr=1   paramiko.transport: Remote version/idstring: SSH-2.0-OpenSSH_7.4
INF [20201120-15:59:28.496] thr=1   paramiko.transport: Connected (version 2.0, client OpenSSH_7.4)
DEB [20201120-15:59:28.497] thr=1   paramiko.transport: kex algos:[u'curve25519-sha256', u'curve25519-sha256@libssh.org', u'ecdh-sha2-nistp256', u'ecdh-sha2-nistp384', u'ecdh-sha2-nistp521', u'diffie-hellman-group-exchange-sha256', u'diffie-hellman-group16-sha512', u'diffie-hellman-group18-sha512', u'diffie-hellman-group-exchange-sha1', u'diffie-hellman-group14-sha256', u'diffie-hellman-group14-sha1', u'diffie-hellman-group1-sha1'] server key:[u'ssh-rsa', u'rsa-sha2-512', u'rsa-sha2-256', u'ecdsa-sha2-nistp256', u'ssh-ed25519'] client encrypt:[u'chacha20-poly1305@openssh.com', u'aes128-ctr', u'aes192-ctr', u'aes256-ctr', u'aes128-gcm@openssh.com', u'aes256-gcm@openssh.com', u'aes128-cbc', u'aes192-cbc', u'aes256-cbc', u'blowfish-cbc', u'cast128-cbc', u'3des-cbc'] server encrypt:[u'chacha20-poly1305@openssh.com', u'aes128-ctr', u'aes192-ctr', u'aes256-ctr', u'aes128-gcm@openssh.com', u'aes256-gcm@openssh.com', u'aes128-cbc', u'aes192-cbc', u'aes256-cbc', u'blowfish-cbc', u'cast128-cbc', u'3des-cbc'] client mac:[u'umac-64-etm@openssh.com', u'umac-128-etm@openssh.com', u'hmac-sha2-256-etm@openssh.com', u'hmac-sha2-512-etm@openssh.com', u'hmac-sha1-etm@openssh.com', u'umac-64@openssh.com', u'umac-128@openssh.com', u'hmac-sha2-256', u'hmac-sha2-512', u'hmac-sha1'] server mac:[u'umac-64-etm@openssh.com', u'umac-128-etm@openssh.com', u'hmac-sha2-256-etm@openssh.com', u'hmac-sha2-512-etm@openssh.com', u'hmac-sha1-etm@openssh.com', u'umac-64@openssh.com', u'umac-128@openssh.com', u'hmac-sha2-256', u'hmac-sha2-512', u'hmac-sha1'] client compress:[u'none', u'zlib@openssh.com'] server compress:[u'none', u'zlib@openssh.com'] client lang:[u''] server lang:[u''] kex follows?False
DEB [20201120-15:59:28.499] thr=1   paramiko.transport: Kex agreed: curve25519-sha256@libssh.org
DEB [20201120-15:59:28.499] thr=1   paramiko.transport: HostKey agreed: ssh-ed25519
DEB [20201120-15:59:28.499] thr=1   paramiko.transport: Cipher agreed: aes128-ctr
DEB [20201120-15:59:28.499] thr=1   paramiko.transport: MAC agreed: hmac-sha2-256
DEB [20201120-15:59:28.499] thr=1   paramiko.transport: Compression agreed: none
DEB [20201120-15:59:28.506] thr=1   paramiko.transport: kex engine KexCurve25519 specified hash_algo <built-in function openssl_sha256>
DEB [20201120-15:59:28.506] thr=1   paramiko.transport: Switch to new keys ...
DEB [20201120-15:59:28.510] thr=2   paramiko.transport: Adding ssh-ed25519 host key for 192.168.56.100: 4a23813258def12cf3e3db2f27e26566
DEB [20201120-15:59:28.545] thr=1   paramiko.transport: userauth is OK
INF [20201120-15:59:28.582] thr=1   paramiko.transport: Authentication (password) successful!
DEB [20201120-15:59:28.624] thr=1   paramiko.transport: Received global request "hostkeys-00@openssh.com"
DEB [20201120-15:59:28.624] thr=1   paramiko.transport: Rejecting "hostkeys-00@openssh.com" global request from server.
DEB [20201120-15:59:29.438] thr=3   paramiko.transport: [chan 0] Max packet in: 32768 bytes
DEB [20201120-15:59:29.438] thr=1   paramiko.transport: [chan 0] Max packet out: 32768 bytes
DEB [20201120-15:59:29.440] thr=1   paramiko.transport: Secsh channel 0 opened.
DEB [20201120-15:59:29.441] thr=1   paramiko.transport: [chan 0] Sesch channel 0 request ok
DEB [20201120-15:59:29.443] thr=1   paramiko.transport: [chan 0] Sesch channel 0 request ok
DEB [20201124-15:29:46.430] thr=1   paramiko.transport: starting thread (client mode): 0x474ea08L
DEB [20201124-15:29:46.430] thr=1   paramiko.transport: Local version/idstring: SSH-2.0-paramiko_2.7.2
DEB [20201124-15:29:46.437] thr=1   paramiko.transport: Remote version/idstring: SSH-2.0-OpenSSH_7.4
INF [20201124-15:29:46.437] thr=1   paramiko.transport: Connected (version 2.0, client OpenSSH_7.4)
DEB [20201124-15:29:46.438] thr=1   paramiko.transport: kex algos:[u'curve25519-sha256', u'curve25519-sha256@libssh.org', u'ecdh-sha2-nistp256', u'ecdh-sha2-nistp384', u'ecdh-sha2-nistp521', u'diffie-hellman-group-exchange-sha256', u'diffie-hellman-group16-sha512', u'diffie-hellman-group18-sha512', u'diffie-hellman-group-exchange-sha1', u'diffie-hellman-group14-sha256', u'diffie-hellman-group14-sha1', u'diffie-hellman-group1-sha1'] server key:[u'ssh-rsa', u'rsa-sha2-512', u'rsa-sha2-256', u'ecdsa-sha2-nistp256', u'ssh-ed25519'] client encrypt:[u'chacha20-poly1305@openssh.com', u'aes128-ctr', u'aes192-ctr', u'aes256-ctr', u'aes128-gcm@openssh.com', u'aes256-gcm@openssh.com', u'aes128-cbc', u'aes192-cbc', u'aes256-cbc', u'blowfish-cbc', u'cast128-cbc', u'3des-cbc'] server encrypt:[u'chacha20-poly1305@openssh.com', u'aes128-ctr', u'aes192-ctr', u'aes256-ctr', u'aes128-gcm@openssh.com', u'aes256-gcm@openssh.com', u'aes128-cbc', u'aes192-cbc', u'aes256-cbc', u'blowfish-cbc', u'cast128-cbc', u'3des-cbc'] client mac:[u'umac-64-etm@openssh.com', u'umac-128-etm@openssh.com', u'hmac-sha2-256-etm@openssh.com', u'hmac-sha2-512-etm@openssh.com', u'hmac-sha1-etm@openssh.com', u'umac-64@openssh.com', u'umac-128@openssh.com', u'hmac-sha2-256', u'hmac-sha2-512', u'hmac-sha1'] server mac:[u'umac-64-etm@openssh.com', u'umac-128-etm@openssh.com', u'hmac-sha2-256-etm@openssh.com', u'hmac-sha2-512-etm@openssh.com', u'hmac-sha1-etm@openssh.com', u'umac-64@openssh.com', u'umac-128@openssh.com', u'hmac-sha2-256', u'hmac-sha2-512', u'hmac-sha1'] client compress:[u'none', u'zlib@openssh.com'] server compress:[u'none', u'zlib@openssh.com'] client lang:[u''] server lang:[u''] kex follows?False
DEB [20201124-15:29:46.438] thr=1   paramiko.transport: Kex agreed: curve25519-sha256@libssh.org
DEB [20201124-15:29:46.438] thr=1   paramiko.transport: HostKey agreed: ssh-ed25519
DEB [20201124-15:29:46.438] thr=1   paramiko.transport: Cipher agreed: aes128-ctr
DEB [20201124-15:29:46.440] thr=1   paramiko.transport: MAC agreed: hmac-sha2-256
DEB [20201124-15:29:46.440] thr=1   paramiko.transport: Compression agreed: none
DEB [20201124-15:29:46.446] thr=1   paramiko.transport: kex engine KexCurve25519 specified hash_algo <built-in function openssl_sha256>
DEB [20201124-15:29:46.446] thr=1   paramiko.transport: Switch to new keys ...
DEB [20201124-15:29:46.450] thr=2   paramiko.transport: Adding ssh-ed25519 host key for 192.168.56.100: 4a23813258def12cf3e3db2f27e26566
DEB [20201124-15:29:46.486] thr=1   paramiko.transport: userauth is OK
INF [20201124-15:29:46.572] thr=1   paramiko.transport: Authentication (password) successful!
DEB [20201124-15:29:46.614] thr=1   paramiko.transport: Received global request "hostkeys-00@openssh.com"
DEB [20201124-15:29:46.614] thr=1   paramiko.transport: Rejecting "hostkeys-00@openssh.com" global request from server.
DEB [20201124-15:29:47.654] thr=3   paramiko.transport: [chan 0] Max packet in: 32768 bytes
DEB [20201124-15:29:47.657] thr=1   paramiko.transport: [chan 0] Max packet out: 32768 bytes
DEB [20201124-15:29:47.657] thr=1   paramiko.transport: Secsh channel 0 opened.
DEB [20201124-15:29:47.663] thr=1   paramiko.transport: [chan 0] Sesch channel 0 request ok
DEB [20201124-15:29:47.665] thr=1   paramiko.transport: [chan 0] Sesch channel 0 request ok
DEB [20201124-15:34:45.586] thr=1   paramiko.transport: starting thread (client mode): 0x49a4a08L
DEB [20201124-15:34:45.588] thr=1   paramiko.transport: Local version/idstring: SSH-2.0-paramiko_2.7.2
DEB [20201124-15:34:45.595] thr=1   paramiko.transport: Remote version/idstring: SSH-2.0-OpenSSH_7.4
INF [20201124-15:34:45.595] thr=1   paramiko.transport: Connected (version 2.0, client OpenSSH_7.4)
DEB [20201124-15:34:45.595] thr=1   paramiko.transport: kex algos:[u'curve25519-sha256', u'curve25519-sha256@libssh.org', u'ecdh-sha2-nistp256', u'ecdh-sha2-nistp384', u'ecdh-sha2-nistp521', u'diffie-hellman-group-exchange-sha256', u'diffie-hellman-group16-sha512', u'diffie-hellman-group18-sha512', u'diffie-hellman-group-exchange-sha1', u'diffie-hellman-group14-sha256', u'diffie-hellman-group14-sha1', u'diffie-hellman-group1-sha1'] server key:[u'ssh-rsa', u'rsa-sha2-512', u'rsa-sha2-256', u'ecdsa-sha2-nistp256', u'ssh-ed25519'] client encrypt:[u'chacha20-poly1305@openssh.com', u'aes128-ctr', u'aes192-ctr', u'aes256-ctr', u'aes128-gcm@openssh.com', u'aes256-gcm@openssh.com', u'aes128-cbc', u'aes192-cbc', u'aes256-cbc', u'blowfish-cbc', u'cast128-cbc', u'3des-cbc'] server encrypt:[u'chacha20-poly1305@openssh.com', u'aes128-ctr', u'aes192-ctr', u'aes256-ctr', u'aes128-gcm@openssh.com', u'aes256-gcm@openssh.com', u'aes128-cbc', u'aes192-cbc', u'aes256-cbc', u'blowfish-cbc', u'cast128-cbc', u'3des-cbc'] client mac:[u'umac-64-etm@openssh.com', u'umac-128-etm@openssh.com', u'hmac-sha2-256-etm@openssh.com', u'hmac-sha2-512-etm@openssh.com', u'hmac-sha1-etm@openssh.com', u'umac-64@openssh.com', u'umac-128@openssh.com', u'hmac-sha2-256', u'hmac-sha2-512', u'hmac-sha1'] server mac:[u'umac-64-etm@openssh.com', u'umac-128-etm@openssh.com', u'hmac-sha2-256-etm@openssh.com', u'hmac-sha2-512-etm@openssh.com', u'hmac-sha1-etm@openssh.com', u'umac-64@openssh.com', u'umac-128@openssh.com', u'hmac-sha2-256', u'hmac-sha2-512', u'hmac-sha1'] client compress:[u'none', u'zlib@openssh.com'] server compress:[u'none', u'zlib@openssh.com'] client lang:[u''] server lang:[u''] kex follows?False
DEB [20201124-15:34:45.595] thr=1   paramiko.transport: Kex agreed: curve25519-sha256@libssh.org
DEB [20201124-15:34:45.595] thr=1   paramiko.transport: HostKey agreed: ssh-ed25519
DEB [20201124-15:34:45.595] thr=1   paramiko.transport: Cipher agreed: aes128-ctr
DEB [20201124-15:34:45.595] thr=1   paramiko.transport: MAC agreed: hmac-sha2-256
DEB [20201124-15:34:45.595] thr=1   paramiko.transport: Compression agreed: none
DEB [20201124-15:34:45.602] thr=1   paramiko.transport: kex engine KexCurve25519 specified hash_algo <built-in function openssl_sha256>
DEB [20201124-15:34:45.602] thr=1   paramiko.transport: Switch to new keys ...
DEB [20201124-15:34:45.605] thr=2   paramiko.transport: Adding ssh-ed25519 host key for 192.168.56.100: 4a23813258def12cf3e3db2f27e26566
DEB [20201124-15:34:45.642] thr=1   paramiko.transport: userauth is OK
INF [20201124-15:34:45.727] thr=1   paramiko.transport: Authentication (password) successful!
DEB [20201124-15:34:45.767] thr=1   paramiko.transport: Received global request "hostkeys-00@openssh.com"
DEB [20201124-15:34:45.767] thr=1   paramiko.transport: Rejecting "hostkeys-00@openssh.com" global request from server.
DEB [20201124-15:34:46.306] thr=3   paramiko.transport: [chan 0] Max packet in: 32768 bytes
DEB [20201124-15:34:46.309] thr=1   paramiko.transport: [chan 0] Max packet out: 32768 bytes
DEB [20201124-15:34:46.309] thr=1   paramiko.transport: Secsh channel 0 opened.
DEB [20201124-15:34:46.315] thr=1   paramiko.transport: [chan 0] Sesch channel 0 request ok
DEB [20201124-15:34:46.318] thr=1   paramiko.transport: [chan 0] Sesch channel 0 request ok
DEB [20201124-15:36:41.102] thr=1   paramiko.transport: starting thread (client mode): 0x4b74a08L
DEB [20201124-15:36:41.104] thr=1   paramiko.transport: Local version/idstring: SSH-2.0-paramiko_2.7.2
DEB [20201124-15:36:41.111] thr=1   paramiko.transport: Remote version/idstring: SSH-2.0-OpenSSH_7.4
INF [20201124-15:36:41.111] thr=1   paramiko.transport: Connected (version 2.0, client OpenSSH_7.4)
DEB [20201124-15:36:41.111] thr=1   paramiko.transport: kex algos:[u'curve25519-sha256', u'curve25519-sha256@libssh.org', u'ecdh-sha2-nistp256', u'ecdh-sha2-nistp384', u'ecdh-sha2-nistp521', u'diffie-hellman-group-exchange-sha256', u'diffie-hellman-group16-sha512', u'diffie-hellman-group18-sha512', u'diffie-hellman-group-exchange-sha1', u'diffie-hellman-group14-sha256', u'diffie-hellman-group14-sha1', u'diffie-hellman-group1-sha1'] server key:[u'ssh-rsa', u'rsa-sha2-512', u'rsa-sha2-256', u'ecdsa-sha2-nistp256', u'ssh-ed25519'] client encrypt:[u'chacha20-poly1305@openssh.com', u'aes128-ctr', u'aes192-ctr', u'aes256-ctr', u'aes128-gcm@openssh.com', u'aes256-gcm@openssh.com', u'aes128-cbc', u'aes192-cbc', u'aes256-cbc', u'blowfish-cbc', u'cast128-cbc', u'3des-cbc'] server encrypt:[u'chacha20-poly1305@openssh.com', u'aes128-ctr', u'aes192-ctr', u'aes256-ctr', u'aes128-gcm@openssh.com', u'aes256-gcm@openssh.com', u'aes128-cbc', u'aes192-cbc', u'aes256-cbc', u'blowfish-cbc', u'cast128-cbc', u'3des-cbc'] client mac:[u'umac-64-etm@openssh.com', u'umac-128-etm@openssh.com', u'hmac-sha2-256-etm@openssh.com', u'hmac-sha2-512-etm@openssh.com', u'hmac-sha1-etm@openssh.com', u'umac-64@openssh.com', u'umac-128@openssh.com', u'hmac-sha2-256', u'hmac-sha2-512', u'hmac-sha1'] server mac:[u'umac-64-etm@openssh.com', u'umac-128-etm@openssh.com', u'hmac-sha2-256-etm@openssh.com', u'hmac-sha2-512-etm@openssh.com', u'hmac-sha1-etm@openssh.com', u'umac-64@openssh.com', u'umac-128@openssh.com', u'hmac-sha2-256', u'hmac-sha2-512', u'hmac-sha1'] client compress:[u'none', u'zlib@openssh.com'] server compress:[u'none', u'zlib@openssh.com'] client lang:[u''] server lang:[u''] kex follows?False
DEB [20201124-15:36:41.111] thr=1   paramiko.transport: Kex agreed: curve25519-sha256@libssh.org
DEB [20201124-15:36:41.111] thr=1   paramiko.transport: HostKey agreed: ssh-ed25519
DEB [20201124-15:36:41.111] thr=1   paramiko.transport: Cipher agreed: aes128-ctr
DEB [20201124-15:36:41.112] thr=1   paramiko.transport: MAC agreed: hmac-sha2-256
DEB [20201124-15:36:41.112] thr=1   paramiko.transport: Compression agreed: none
DEB [20201124-15:36:41.118] thr=1   paramiko.transport: kex engine KexCurve25519 specified hash_algo <built-in function openssl_sha256>
DEB [20201124-15:36:41.118] thr=1   paramiko.transport: Switch to new keys ...
DEB [20201124-15:36:41.122] thr=2   paramiko.transport: Adding ssh-ed25519 host key for 192.168.56.100: 4a23813258def12cf3e3db2f27e26566
DEB [20201124-15:36:41.158] thr=1   paramiko.transport: userauth is OK
INF [20201124-15:36:41.263] thr=1   paramiko.transport: Authentication (password) successful!
DEB [20201124-15:36:41.305] thr=1   paramiko.transport: Received global request "hostkeys-00@openssh.com"
DEB [20201124-15:36:41.305] thr=1   paramiko.transport: Rejecting "hostkeys-00@openssh.com" global request from server.
DEB [20201124-15:36:42.112] thr=3   paramiko.transport: [chan 0] Max packet in: 32768 bytes
DEB [20201124-15:36:42.115] thr=1   paramiko.transport: [chan 0] Max packet out: 32768 bytes
DEB [20201124-15:36:42.115] thr=1   paramiko.transport: Secsh channel 0 opened.
DEB [20201124-15:36:42.121] thr=1   paramiko.transport: [chan 0] Sesch channel 0 request ok
DEB [20201124-15:36:42.124] thr=1   paramiko.transport: [chan 0] Sesch channel 0 request ok
DEB [20201124-15:37:15.861] thr=1   paramiko.transport: starting thread (client mode): 0x4fa4a08L
DEB [20201124-15:37:15.861] thr=1   paramiko.transport: Local version/idstring: SSH-2.0-paramiko_2.7.2
DEB [20201124-15:37:15.868] thr=1   paramiko.transport: Remote version/idstring: SSH-2.0-OpenSSH_7.4
INF [20201124-15:37:15.868] thr=1   paramiko.transport: Connected (version 2.0, client OpenSSH_7.4)
DEB [20201124-15:37:15.869] thr=1   paramiko.transport: kex algos:[u'curve25519-sha256', u'curve25519-sha256@libssh.org', u'ecdh-sha2-nistp256', u'ecdh-sha2-nistp384', u'ecdh-sha2-nistp521', u'diffie-hellman-group-exchange-sha256', u'diffie-hellman-group16-sha512', u'diffie-hellman-group18-sha512', u'diffie-hellman-group-exchange-sha1', u'diffie-hellman-group14-sha256', u'diffie-hellman-group14-sha1', u'diffie-hellman-group1-sha1'] server key:[u'ssh-rsa', u'rsa-sha2-512', u'rsa-sha2-256', u'ecdsa-sha2-nistp256', u'ssh-ed25519'] client encrypt:[u'chacha20-poly1305@openssh.com', u'aes128-ctr', u'aes192-ctr', u'aes256-ctr', u'aes128-gcm@openssh.com', u'aes256-gcm@openssh.com', u'aes128-cbc', u'aes192-cbc', u'aes256-cbc', u'blowfish-cbc', u'cast128-cbc', u'3des-cbc'] server encrypt:[u'chacha20-poly1305@openssh.com', u'aes128-ctr', u'aes192-ctr', u'aes256-ctr', u'aes128-gcm@openssh.com', u'aes256-gcm@openssh.com', u'aes128-cbc', u'aes192-cbc', u'aes256-cbc', u'blowfish-cbc', u'cast128-cbc', u'3des-cbc'] client mac:[u'umac-64-etm@openssh.com', u'umac-128-etm@openssh.com', u'hmac-sha2-256-etm@openssh.com', u'hmac-sha2-512-etm@openssh.com', u'hmac-sha1-etm@openssh.com', u'umac-64@openssh.com', u'umac-128@openssh.com', u'hmac-sha2-256', u'hmac-sha2-512', u'hmac-sha1'] server mac:[u'umac-64-etm@openssh.com', u'umac-128-etm@openssh.com', u'hmac-sha2-256-etm@openssh.com', u'hmac-sha2-512-etm@openssh.com', u'hmac-sha1-etm@openssh.com', u'umac-64@openssh.com', u'umac-128@openssh.com', u'hmac-sha2-256', u'hmac-sha2-512', u'hmac-sha1'] client compress:[u'none', u'zlib@openssh.com'] server compress:[u'none', u'zlib@openssh.com'] client lang:[u''] server lang:[u''] kex follows?False
DEB [20201124-15:37:15.871] thr=1   paramiko.transport: Kex agreed: curve25519-sha256@libssh.org
DEB [20201124-15:37:15.871] thr=1   paramiko.transport: HostKey agreed: ssh-ed25519
DEB [20201124-15:37:15.871] thr=1   paramiko.transport: Cipher agreed: aes128-ctr
DEB [20201124-15:37:15.871] thr=1   paramiko.transport: MAC agreed: hmac-sha2-256
DEB [20201124-15:37:15.871] thr=1   paramiko.transport: Compression agreed: none
DEB [20201124-15:37:15.878] thr=1   paramiko.transport: kex engine KexCurve25519 specified hash_algo <built-in function openssl_sha256>
DEB [20201124-15:37:15.878] thr=1   paramiko.transport: Switch to new keys ...
DEB [20201124-15:37:15.881] thr=2   paramiko.transport: Adding ssh-ed25519 host key for 192.168.56.100: 4a23813258def12cf3e3db2f27e26566
DEB [20201124-15:37:15.917] thr=1   paramiko.transport: userauth is OK
INF [20201124-15:37:15.964] thr=1   paramiko.transport: Authentication (password) successful!
DEB [20201124-15:37:16.006] thr=1   paramiko.transport: Received global request "hostkeys-00@openssh.com"
DEB [20201124-15:37:16.006] thr=1   paramiko.transport: Rejecting "hostkeys-00@openssh.com" global request from server.
DEB [20201124-15:37:16.687] thr=3   paramiko.transport: [chan 0] Max packet in: 32768 bytes
DEB [20201124-15:37:16.690] thr=1   paramiko.transport: [chan 0] Max packet out: 32768 bytes
DEB [20201124-15:37:16.690] thr=1   paramiko.transport: Secsh channel 0 opened.
DEB [20201124-15:37:16.696] thr=1   paramiko.transport: [chan 0] Sesch channel 0 request ok
DEB [20201124-15:37:16.698] thr=1   paramiko.transport: [chan 0] Sesch channel 0 request ok
DEB [20201124-15:37:21.302] thr=3   paramiko.transport: [chan 0] EOF sent (0)
DEB [20201124-15:37:21.344] thr=1   paramiko.transport: [chan 0] Unhandled channel request "exit-signal"
DEB [20201124-15:37:22.148] thr=1   paramiko.transport: EOF in transport thread
DEB [20201124-15:38:01.405] thr=1   paramiko.transport: starting thread (client mode): 0x4f1da08L
DEB [20201124-15:38:01.405] thr=1   paramiko.transport: Local version/idstring: SSH-2.0-paramiko_2.7.2
DEB [20201124-15:38:01.413] thr=1   paramiko.transport: Remote version/idstring: SSH-2.0-OpenSSH_7.4
INF [20201124-15:38:01.413] thr=1   paramiko.transport: Connected (version 2.0, client OpenSSH_7.4)
DEB [20201124-15:38:01.414] thr=1   paramiko.transport: kex algos:[u'curve25519-sha256', u'curve25519-sha256@libssh.org', u'ecdh-sha2-nistp256', u'ecdh-sha2-nistp384', u'ecdh-sha2-nistp521', u'diffie-hellman-group-exchange-sha256', u'diffie-hellman-group16-sha512', u'diffie-hellman-group18-sha512', u'diffie-hellman-group-exchange-sha1', u'diffie-hellman-group14-sha256', u'diffie-hellman-group14-sha1', u'diffie-hellman-group1-sha1'] server key:[u'ssh-rsa', u'rsa-sha2-512', u'rsa-sha2-256', u'ecdsa-sha2-nistp256', u'ssh-ed25519'] client encrypt:[u'chacha20-poly1305@openssh.com', u'aes128-ctr', u'aes192-ctr', u'aes256-ctr', u'aes128-gcm@openssh.com', u'aes256-gcm@openssh.com', u'aes128-cbc', u'aes192-cbc', u'aes256-cbc', u'blowfish-cbc', u'cast128-cbc', u'3des-cbc'] server encrypt:[u'chacha20-poly1305@openssh.com', u'aes128-ctr', u'aes192-ctr', u'aes256-ctr', u'aes128-gcm@openssh.com', u'aes256-gcm@openssh.com', u'aes128-cbc', u'aes192-cbc', u'aes256-cbc', u'blowfish-cbc', u'cast128-cbc', u'3des-cbc'] client mac:[u'umac-64-etm@openssh.com', u'umac-128-etm@openssh.com', u'hmac-sha2-256-etm@openssh.com', u'hmac-sha2-512-etm@openssh.com', u'hmac-sha1-etm@openssh.com', u'umac-64@openssh.com', u'umac-128@openssh.com', u'hmac-sha2-256', u'hmac-sha2-512', u'hmac-sha1'] server mac:[u'umac-64-etm@openssh.com', u'umac-128-etm@openssh.com', u'hmac-sha2-256-etm@openssh.com', u'hmac-sha2-512-etm@openssh.com', u'hmac-sha1-etm@openssh.com', u'umac-64@openssh.com', u'umac-128@openssh.com', u'hmac-sha2-256', u'hmac-sha2-512', u'hmac-sha1'] client compress:[u'none', u'zlib@openssh.com'] server compress:[u'none', u'zlib@openssh.com'] client lang:[u''] server lang:[u''] kex follows?False
DEB [20201124-15:38:01.414] thr=1   paramiko.transport: Kex agreed: curve25519-sha256@libssh.org
DEB [20201124-15:38:01.414] thr=1   paramiko.transport: HostKey agreed: ssh-ed25519
DEB [20201124-15:38:01.414] thr=1   paramiko.transport: Cipher agreed: aes128-ctr
DEB [20201124-15:38:01.414] thr=1   paramiko.transport: MAC agreed: hmac-sha2-256
DEB [20201124-15:38:01.414] thr=1   paramiko.transport: Compression agreed: none
DEB [20201124-15:38:01.421] thr=1   paramiko.transport: kex engine KexCurve25519 specified hash_algo <built-in function openssl_sha256>
DEB [20201124-15:38:01.421] thr=1   paramiko.transport: Switch to new keys ...
DEB [20201124-15:38:01.424] thr=2   paramiko.transport: Adding ssh-ed25519 host key for 192.168.56.100: 4a23813258def12cf3e3db2f27e26566
DEB [20201124-15:38:01.460] thr=1   paramiko.transport: userauth is OK
INF [20201124-15:38:01.509] thr=1   paramiko.transport: Authentication (password) successful!
DEB [20201124-15:38:01.551] thr=1   paramiko.transport: Received global request "hostkeys-00@openssh.com"
DEB [20201124-15:38:01.551] thr=1   paramiko.transport: Rejecting "hostkeys-00@openssh.com" global request from server.
DEB [20201124-15:38:02.167] thr=3   paramiko.transport: [chan 0] Max packet in: 32768 bytes
DEB [20201124-15:38:02.168] thr=1   paramiko.transport: [chan 0] Max packet out: 32768 bytes
DEB [20201124-15:38:02.168] thr=1   paramiko.transport: Secsh channel 0 opened.
DEB [20201124-15:38:02.170] thr=1   paramiko.transport: [chan 0] Sesch channel 0 request ok
DEB [20201124-15:38:02.171] thr=1   paramiko.transport: [chan 0] Sesch channel 0 request ok
DEB [20201124-15:38:05.390] thr=3   paramiko.transport: [chan 0] EOF sent (0)
DEB [20201124-15:38:05.431] thr=1   paramiko.transport: [chan 0] Unhandled channel request "exit-signal"
DEB [20201124-15:38:06.839] thr=1   paramiko.transport: EOF in transport thread
DEB [20201124-15:38:22.421] thr=1   paramiko.transport: starting thread (client mode): 0x4f64a08L
DEB [20201124-15:38:22.421] thr=1   paramiko.transport: Local version/idstring: SSH-2.0-paramiko_2.7.2
DEB [20201124-15:38:22.427] thr=1   paramiko.transport: Remote version/idstring: SSH-2.0-OpenSSH_7.4
INF [20201124-15:38:22.427] thr=1   paramiko.transport: Connected (version 2.0, client OpenSSH_7.4)
DEB [20201124-15:38:22.428] thr=1   paramiko.transport: kex algos:[u'curve25519-sha256', u'curve25519-sha256@libssh.org', u'ecdh-sha2-nistp256', u'ecdh-sha2-nistp384', u'ecdh-sha2-nistp521', u'diffie-hellman-group-exchange-sha256', u'diffie-hellman-group16-sha512', u'diffie-hellman-group18-sha512', u'diffie-hellman-group-exchange-sha1', u'diffie-hellman-group14-sha256', u'diffie-hellman-group14-sha1', u'diffie-hellman-group1-sha1'] server key:[u'ssh-rsa', u'rsa-sha2-512', u'rsa-sha2-256', u'ecdsa-sha2-nistp256', u'ssh-ed25519'] client encrypt:[u'chacha20-poly1305@openssh.com', u'aes128-ctr', u'aes192-ctr', u'aes256-ctr', u'aes128-gcm@openssh.com', u'aes256-gcm@openssh.com', u'aes128-cbc', u'aes192-cbc', u'aes256-cbc', u'blowfish-cbc', u'cast128-cbc', u'3des-cbc'] server encrypt:[u'chacha20-poly1305@openssh.com', u'aes128-ctr', u'aes192-ctr', u'aes256-ctr', u'aes128-gcm@openssh.com', u'aes256-gcm@openssh.com', u'aes128-cbc', u'aes192-cbc', u'aes256-cbc', u'blowfish-cbc', u'cast128-cbc', u'3des-cbc'] client mac:[u'umac-64-etm@openssh.com', u'umac-128-etm@openssh.com', u'hmac-sha2-256-etm@openssh.com', u'hmac-sha2-512-etm@openssh.com', u'hmac-sha1-etm@openssh.com', u'umac-64@openssh.com', u'umac-128@openssh.com', u'hmac-sha2-256', u'hmac-sha2-512', u'hmac-sha1'] server mac:[u'umac-64-etm@openssh.com', u'umac-128-etm@openssh.com', u'hmac-sha2-256-etm@openssh.com', u'hmac-sha2-512-etm@openssh.com', u'hmac-sha1-etm@openssh.com', u'umac-64@openssh.com', u'umac-128@openssh.com', u'hmac-sha2-256', u'hmac-sha2-512', u'hmac-sha1'] client compress:[u'none', u'zlib@openssh.com'] server compress:[u'none', u'zlib@openssh.com'] client lang:[u''] server lang:[u''] kex follows?False
DEB [20201124-15:38:22.428] thr=1   paramiko.transport: Kex agreed: curve25519-sha256@libssh.org
DEB [20201124-15:38:22.428] thr=1   paramiko.transport: HostKey agreed: ssh-ed25519
DEB [20201124-15:38:22.430] thr=1   paramiko.transport: Cipher agreed: aes128-ctr
DEB [20201124-15:38:22.430] thr=1   paramiko.transport: MAC agreed: hmac-sha2-256
DEB [20201124-15:38:22.430] thr=1   paramiko.transport: Compression agreed: none
DEB [20201124-15:38:22.436] thr=1   paramiko.transport: kex engine KexCurve25519 specified hash_algo <built-in function openssl_sha256>
DEB [20201124-15:38:22.437] thr=1   paramiko.transport: Switch to new keys ...
DEB [20201124-15:38:22.440] thr=2   paramiko.transport: Adding ssh-ed25519 host key for 192.168.56.100: 4a23813258def12cf3e3db2f27e26566
DEB [20201124-15:38:22.476] thr=1   paramiko.transport: userauth is OK
INF [20201124-15:38:22.542] thr=1   paramiko.transport: Authentication (password) successful!
DEB [20201124-15:38:22.582] thr=1   paramiko.transport: Received global request "hostkeys-00@openssh.com"
DEB [20201124-15:38:22.582] thr=1   paramiko.transport: Rejecting "hostkeys-00@openssh.com" global request from server.
DEB [20201124-15:38:23.068] thr=3   paramiko.transport: [chan 0] Max packet in: 32768 bytes
DEB [20201124-15:38:23.069] thr=1   paramiko.transport: [chan 0] Max packet out: 32768 bytes
DEB [20201124-15:38:23.069] thr=1   paramiko.transport: Secsh channel 0 opened.
DEB [20201124-15:38:23.069] thr=1   paramiko.transport: [chan 0] Sesch channel 0 request ok
DEB [20201124-15:38:23.071] thr=1   paramiko.transport: [chan 0] Sesch channel 0 request ok
DEB [20201124-15:38:39.815] thr=3   paramiko.transport: [chan 0] EOF sent (0)
DEB [20201124-15:38:39.857] thr=1   paramiko.transport: [chan 0] Unhandled channel request "exit-signal"
DEB [20201124-15:38:40.460] thr=1   paramiko.transport: EOF in transport thread
